#
# There is insufficient memory for the Java Runtime Environment to continue.
# Native memory allocation (mmap) failed to map 282066944 bytes for Failed to commit area from 0x00000000d6100000 to 0x00000000e6e00000 of length 282066944.
# Possible reasons:
#   The system is out of physical RAM or swap space
#   The process is running with CompressedOops enabled, and the Java Heap may be blocking the growth of the native heap
# Possible solutions:
#   Reduce memory load on the system
#   Increase physical memory or swap space
#   Check if swap backing store is full
#   Decrease Java heap size (-Xmx/-Xms)
#   Decrease number of Java threads
#   Decrease Java thread stack sizes (-Xss)
#   Set larger code cache with -XX:ReservedCodeCacheSize=
#   JVM is running with Unscaled Compressed Oops mode in which the Java heap is
#     placed in the first 4GB address space. The Java Heap base address is the
#     maximum limit for the native heap growth. Please use -XX:HeapBaseMinAddress
#     to set the Java Heap base and to place the Java Heap above 4GB virtual address.
# This output file may be truncated or incomplete.
#
#  Out of Memory Error (./open/src/hotspot/os/windows/os_windows.cpp:3315), pid=34976, tid=35068
#
# JRE version: Java(TM) SE Runtime Environment (14.0.2+12) (build 14.0.2+12-46)
# Java VM: Java HotSpot(TM) 64-Bit Server VM (14.0.2+12-46, mixed mode, sharing, tiered, compressed oops, g1 gc, windows-amd64)
# No core dump will be written. Minidumps are not enabled by default on client versions of Windows
#

---------------  S U M M A R Y ------------

Command Line: Main

Host: AMD Athlon Silver 3050U with Radeon Graphics   , 2 cores, 3G,  Windows 10 , 64 bit Build 22621 (10.0.22621.1105)
Time: Tue Feb 14 04:13:00 2023 W. Europe Standard Time elapsed time: 2 seconds (0d 0h 0m 2s)

---------------  T H R E A D  ---------------

Current thread (0x000001eb9601e800):  VMThread "VM Thread" [stack: 0x0000007e83f00000,0x0000007e84000000] [id=35068]

Stack: [0x0000007e83f00000,0x0000007e84000000]
[error occurred during error reporting (printing stack bounds), id 0xc0000005, EXCEPTION_ACCESS_VIOLATION (0xc0000005) at pc=0x000001eb9e6f10ad]

Native frames: (J=compiled Java code, j=interpreted, Vv=VM code, C=native code)
V  [jvm.dll+0x5f8a9a]
V  [jvm.dll+0x74247a]
V  [jvm.dll+0x743c2f]
V  [jvm.dll+0x7441d5]
V  [jvm.dll+0x74418b]
V  [jvm.dll+0x5f7f6f]
V  [jvm.dll+0x5f8738]
C  [ntdll.dll+0xa3eaf]
C  [ntdll.dll+0x1eae6]
C  [ntdll.dll+0xa2e9e]
C  0x000001eb9e6f10ad

VM_Operation (0x0000007e839feef0): G1CollectForAllocation, mode: safepoint, requested by thread 0x000001eb95f51000


---------------  P R O C E S S  ---------------

Threads class SMR info:
_java_thread_list=0x000001ebb21dfac0, length=11, elements={
0x000001eb95f51000, 0x000001ebb1f64000, 0x000001ebb1f68800, 0x000001ebb1f88000,
0x000001ebb1f8a000, 0x000001ebb1f8b800, 0x000001ebb1f8c800, 0x000001ebb2001000,
0x000001ebb2002800, 0x000001ebb21e2000, 0x000001ebb21eb800
}

Java Threads: ( => current thread )
  0x000001eb95f51000 JavaThread "main" [_thread_blocked, id=35044, stack(0x0000007e83900000,0x0000007e83a00000)]
  0x000001ebb1f64000 JavaThread "Reference Handler" daemon [_thread_blocked, id=35072, stack(0x0000007e84000000,0x0000007e84100000)]
  0x000001ebb1f68800 JavaThread "Finalizer" daemon [_thread_blocked, id=35076, stack(0x0000007e84100000,0x0000007e84200000)]
  0x000001ebb1f88000 JavaThread "Signal Dispatcher" daemon [_thread_blocked, id=35080, stack(0x0000007e84200000,0x0000007e84300000)]
  0x000001ebb1f8a000 JavaThread "Attach Listener" daemon [_thread_blocked, id=35084, stack(0x0000007e84300000,0x0000007e84400000)]
  0x000001ebb1f8b800 JavaThread "Service Thread" daemon [_thread_blocked, id=35088, stack(0x0000007e84400000,0x0000007e84500000)]
  0x000001ebb1f8c800 JavaThread "C2 CompilerThread0" daemon [_thread_blocked, id=35092, stack(0x0000007e84500000,0x0000007e84600000)]
  0x000001ebb2001000 JavaThread "C1 CompilerThread0" daemon [_thread_blocked, id=35096, stack(0x0000007e84600000,0x0000007e84700000)]
  0x000001ebb2002800 JavaThread "Sweeper thread" daemon [_thread_blocked, id=35100, stack(0x0000007e84700000,0x0000007e84800000)]
  0x000001ebb21e2000 JavaThread "Notification Thread" daemon [_thread_blocked, id=35104, stack(0x0000007e84800000,0x0000007e84900000)]
  0x000001ebb21eb800 JavaThread "Common-Cleaner" daemon [_thread_blocked, id=35112, stack(0x0000007e84a00000,0x0000007e84b00000)]

Other Threads:
=>0x000001eb9601e800 VMThread "VM Thread" [stack: 0x0000007e83f00000,0x0000007e84000000] [id=35068]
  0x000001ebb21e6000 WatcherThread [stack: 0x0000007e84900000,0x0000007e84a00000] [id=35108]
  0x000001eb95f7e000 GCTaskThread "GC Thread#0" [stack: 0x0000007e83a00000,0x0000007e83b00000] [id=35048]
  0x000001ebb2310800 GCTaskThread "GC Thread#1" [stack: 0x0000007e84b00000,0x0000007e84c00000] [id=35116]
  0x000001eb95f87800 ConcurrentGCThread "G1 Main Marker" [stack: 0x0000007e83b00000,0x0000007e83c00000] [id=35052]
  0x000001eb95f8a000 ConcurrentGCThread "G1 Conc#0" [stack: 0x0000007e83c00000,0x0000007e83d00000] [id=35056]
  0x000001eb95fc2000 ConcurrentGCThread "G1 Refine#0" [stack: 0x0000007e83d00000,0x0000007e83e00000] [id=35060]
  0x000001eb95fc4800 ConcurrentGCThread "G1 Young RemSet Sampling" [stack: 0x0000007e83e00000,0x0000007e83f00000] [id=35064]

Threads with active compile tasks:

VM state:at safepoint (normal execution)

VM Mutex/Monitor currently owned by a thread:  ([mutex/lock_event])
[0x000001eb95f4d800] Threads_lock - owner thread: 0x000001eb9601e800
[0x000001eb95f4d410] Heap_lock - owner thread: 0x000001eb95f51000

Heap address: 0x00000000c9400000, size: 876 MB, Compressed Oops mode: 32-bit
Narrow klass base: 0x0000000800000000, Narrow klass shift: 3
Compressed class space size: 1073741824 Address: 0x0000000800b30000

Heap:
 garbage-first heap   total 485376K, used 154112K [0x00000000c9400000, 0x0000000100000000)
  region size 1024K, 3 young (3072K), 3 survivors (3072K)
 Metaspace       used 541K, capacity 4667K, committed 4864K, reserved 1056768K
  class space    used 49K, capacity 425K, committed 512K, reserved 1048576K
Heap Regions: E=young(eden), S=young(survivor), O=old, HS=humongous(starts), HC=humongous(continues), CS=collection set, F=free, OA=open archive, CA=closed archive, TAMS=top-at-mark-start (previous, next)
|   0|0x00000000c9400000, 0x00000000c9500000, 0x00000000c9500000|100%| O|  |TAMS 0x00000000c9500000, 0x00000000c9500000| Untracked 
|   1|0x00000000c9500000, 0x00000000c9600000, 0x00000000c9600000|100%| O|  |TAMS 0x00000000c9600000, 0x00000000c9600000| Untracked 
|   2|0x00000000c9600000, 0x00000000c9700000, 0x00000000c9700000|100%| O|  |TAMS 0x00000000c9700000, 0x00000000c9700000| Untracked 
|   3|0x00000000c9700000, 0x00000000c9800000, 0x00000000c9800000|100%| O|  |TAMS 0x00000000c9800000, 0x00000000c9800000| Untracked 
|   4|0x00000000c9800000, 0x00000000c9900000, 0x00000000c9900000|100%| O|  |TAMS 0x00000000c9900000, 0x00000000c9900000| Untracked 
|   5|0x00000000c9900000, 0x00000000c9a00000, 0x00000000c9a00000|100%| O|  |TAMS 0x00000000c9a00000, 0x00000000c9a00000| Untracked 
|   6|0x00000000c9a00000, 0x00000000c9b00000, 0x00000000c9b00000|100%| O|  |TAMS 0x00000000c9b00000, 0x00000000c9b00000| Untracked 
|   7|0x00000000c9b00000, 0x00000000c9c00000, 0x00000000c9c00000|100%| O|  |TAMS 0x00000000c9c00000, 0x00000000c9c00000| Untracked 
|   8|0x00000000c9c00000, 0x00000000c9d00000, 0x00000000c9d00000|100%| O|  |TAMS 0x00000000c9d00000, 0x00000000c9d00000| Untracked 
|   9|0x00000000c9d00000, 0x00000000c9e00000, 0x00000000c9e00000|100%| O|  |TAMS 0x00000000c9e00000, 0x00000000c9e00000| Untracked 
|  10|0x00000000c9e00000, 0x00000000c9f00000, 0x00000000c9f00000|100%| O|  |TAMS 0x00000000c9f00000, 0x00000000c9f00000| Untracked 
|  11|0x00000000c9f00000, 0x00000000ca000000, 0x00000000ca000000|100%| O|  |TAMS 0x00000000ca000000, 0x00000000ca000000| Untracked 
|  12|0x00000000ca000000, 0x00000000ca100000, 0x00000000ca100000|100%| O|  |TAMS 0x00000000ca100000, 0x00000000ca100000| Untracked 
|  13|0x00000000ca100000, 0x00000000ca200000, 0x00000000ca200000|100%| O|  |TAMS 0x00000000ca200000, 0x00000000ca200000| Untracked 
|  14|0x00000000ca200000, 0x00000000ca300000, 0x00000000ca300000|100%| O|  |TAMS 0x00000000ca300000, 0x00000000ca300000| Untracked 
|  15|0x00000000ca300000, 0x00000000ca400000, 0x00000000ca400000|100%| O|  |TAMS 0x00000000ca400000, 0x00000000ca400000| Untracked 
|  16|0x00000000ca400000, 0x00000000ca500000, 0x00000000ca500000|100%| O|  |TAMS 0x00000000ca500000, 0x00000000ca500000| Untracked 
|  17|0x00000000ca500000, 0x00000000ca600000, 0x00000000ca600000|100%| O|  |TAMS 0x00000000ca600000, 0x00000000ca600000| Untracked 
|  18|0x00000000ca600000, 0x00000000ca700000, 0x00000000ca700000|100%| O|  |TAMS 0x00000000ca700000, 0x00000000ca700000| Untracked 
|  19|0x00000000ca700000, 0x00000000ca800000, 0x00000000ca800000|100%| O|  |TAMS 0x00000000ca800000, 0x00000000ca800000| Untracked 
|  20|0x00000000ca800000, 0x00000000ca900000, 0x00000000ca900000|100%| O|  |TAMS 0x00000000ca900000, 0x00000000ca900000| Untracked 
|  21|0x00000000ca900000, 0x00000000caa00000, 0x00000000caa00000|100%| O|  |TAMS 0x00000000caa00000, 0x00000000caa00000| Untracked 
|  22|0x00000000caa00000, 0x00000000cab00000, 0x00000000cab00000|100%| O|  |TAMS 0x00000000cab00000, 0x00000000cab00000| Untracked 
|  23|0x00000000cab00000, 0x00000000cac00000, 0x00000000cac00000|100%| O|  |TAMS 0x00000000cac00000, 0x00000000cac00000| Untracked 
|  24|0x00000000cac00000, 0x00000000cad00000, 0x00000000cad00000|100%| O|  |TAMS 0x00000000cad00000, 0x00000000cad00000| Untracked 
|  25|0x00000000cad00000, 0x00000000cae00000, 0x00000000cae00000|100%| O|  |TAMS 0x00000000cae00000, 0x00000000cae00000| Untracked 
|  26|0x00000000cae00000, 0x00000000caf00000, 0x00000000caf00000|100%| O|  |TAMS 0x00000000caf00000, 0x00000000caf00000| Untracked 
|  27|0x00000000caf00000, 0x00000000cb000000, 0x00000000cb000000|100%| O|  |TAMS 0x00000000cb000000, 0x00000000cb000000| Untracked 
|  28|0x00000000cb000000, 0x00000000cb100000, 0x00000000cb100000|100%| O|  |TAMS 0x00000000cb100000, 0x00000000cb100000| Untracked 
|  29|0x00000000cb100000, 0x00000000cb200000, 0x00000000cb200000|100%| O|  |TAMS 0x00000000cb200000, 0x00000000cb200000| Untracked 
|  30|0x00000000cb200000, 0x00000000cb300000, 0x00000000cb300000|100%| O|  |TAMS 0x00000000cb300000, 0x00000000cb300000| Untracked 
|  31|0x00000000cb300000, 0x00000000cb400000, 0x00000000cb400000|100%| O|  |TAMS 0x00000000cb400000, 0x00000000cb400000| Untracked 
|  32|0x00000000cb400000, 0x00000000cb500000, 0x00000000cb500000|100%| O|  |TAMS 0x00000000cb500000, 0x00000000cb500000| Untracked 
|  33|0x00000000cb500000, 0x00000000cb600000, 0x00000000cb600000|100%| O|  |TAMS 0x00000000cb600000, 0x00000000cb600000| Untracked 
|  34|0x00000000cb600000, 0x00000000cb700000, 0x00000000cb700000|100%| O|  |TAMS 0x00000000cb700000, 0x00000000cb700000| Untracked 
|  35|0x00000000cb700000, 0x00000000cb800000, 0x00000000cb800000|100%| O|  |TAMS 0x00000000cb800000, 0x00000000cb800000| Untracked 
|  36|0x00000000cb800000, 0x00000000cb900000, 0x00000000cb900000|100%| O|  |TAMS 0x00000000cb900000, 0x00000000cb900000| Untracked 
|  37|0x00000000cb900000, 0x00000000cba00000, 0x00000000cba00000|100%| O|  |TAMS 0x00000000cba00000, 0x00000000cba00000| Untracked 
|  38|0x00000000cba00000, 0x00000000cbb00000, 0x00000000cbb00000|100%| O|  |TAMS 0x00000000cbb00000, 0x00000000cbb00000| Untracked 
|  39|0x00000000cbb00000, 0x00000000cbc00000, 0x00000000cbc00000|100%| O|  |TAMS 0x00000000cbc00000, 0x00000000cbc00000| Untracked 
|  40|0x00000000cbc00000, 0x00000000cbd00000, 0x00000000cbd00000|100%| O|  |TAMS 0x00000000cbd00000, 0x00000000cbd00000| Untracked 
|  41|0x00000000cbd00000, 0x00000000cbe00000, 0x00000000cbe00000|100%| O|  |TAMS 0x00000000cbe00000, 0x00000000cbe00000| Untracked 
|  42|0x00000000cbe00000, 0x00000000cbf00000, 0x00000000cbf00000|100%| O|  |TAMS 0x00000000cbf00000, 0x00000000cbf00000| Untracked 
|  43|0x00000000cbf00000, 0x00000000cc000000, 0x00000000cc000000|100%| O|  |TAMS 0x00000000cc000000, 0x00000000cc000000| Untracked 
|  44|0x00000000cc000000, 0x00000000cc100000, 0x00000000cc100000|100%| O|  |TAMS 0x00000000cc100000, 0x00000000cc100000| Untracked 
|  45|0x00000000cc100000, 0x00000000cc200000, 0x00000000cc200000|100%| O|  |TAMS 0x00000000cc200000, 0x00000000cc200000| Untracked 
|  46|0x00000000cc200000, 0x00000000cc300000, 0x00000000cc300000|100%| O|  |TAMS 0x00000000cc300000, 0x00000000cc300000| Untracked 
|  47|0x00000000cc300000, 0x00000000cc400000, 0x00000000cc400000|100%| O|  |TAMS 0x00000000cc400000, 0x00000000cc400000| Untracked 
|  48|0x00000000cc400000, 0x00000000cc500000, 0x00000000cc500000|100%| O|  |TAMS 0x00000000cc500000, 0x00000000cc500000| Untracked 
|  49|0x00000000cc500000, 0x00000000cc600000, 0x00000000cc600000|100%| O|  |TAMS 0x00000000cc600000, 0x00000000cc600000| Untracked 
|  50|0x00000000cc600000, 0x00000000cc700000, 0x00000000cc700000|100%| O|  |TAMS 0x00000000cc700000, 0x00000000cc700000| Untracked 
|  51|0x00000000cc700000, 0x00000000cc800000, 0x00000000cc800000|100%| O|  |TAMS 0x00000000cc800000, 0x00000000cc800000| Untracked 
|  52|0x00000000cc800000, 0x00000000cc900000, 0x00000000cc900000|100%| O|  |TAMS 0x00000000cc900000, 0x00000000cc900000| Untracked 
|  53|0x00000000cc900000, 0x00000000cca00000, 0x00000000cca00000|100%| O|  |TAMS 0x00000000cca00000, 0x00000000cca00000| Untracked 
|  54|0x00000000cca00000, 0x00000000ccb00000, 0x00000000ccb00000|100%| O|  |TAMS 0x00000000ccb00000, 0x00000000ccb00000| Untracked 
|  55|0x00000000ccb00000, 0x00000000ccc00000, 0x00000000ccc00000|100%| O|  |TAMS 0x00000000ccc00000, 0x00000000ccc00000| Untracked 
|  56|0x00000000ccc00000, 0x00000000ccd00000, 0x00000000ccd00000|100%| O|  |TAMS 0x00000000ccd00000, 0x00000000ccd00000| Untracked 
|  57|0x00000000ccd00000, 0x00000000cce00000, 0x00000000cce00000|100%| O|  |TAMS 0x00000000cce00000, 0x00000000cce00000| Untracked 
|  58|0x00000000cce00000, 0x00000000ccf00000, 0x00000000ccf00000|100%| O|  |TAMS 0x00000000ccf00000, 0x00000000ccf00000| Untracked 
|  59|0x00000000ccf00000, 0x00000000cd000000, 0x00000000cd000000|100%| O|  |TAMS 0x00000000cd000000, 0x00000000cd000000| Untracked 
|  60|0x00000000cd000000, 0x00000000cd100000, 0x00000000cd100000|100%| O|  |TAMS 0x00000000cd100000, 0x00000000cd100000| Untracked 
|  61|0x00000000cd100000, 0x00000000cd200000, 0x00000000cd200000|100%| O|  |TAMS 0x00000000cd200000, 0x00000000cd200000| Untracked 
|  62|0x00000000cd200000, 0x00000000cd300000, 0x00000000cd300000|100%| O|  |TAMS 0x00000000cd300000, 0x00000000cd300000| Untracked 
|  63|0x00000000cd300000, 0x00000000cd400000, 0x00000000cd400000|100%| O|  |TAMS 0x00000000cd400000, 0x00000000cd400000| Untracked 
|  64|0x00000000cd400000, 0x00000000cd500000, 0x00000000cd500000|100%| O|  |TAMS 0x00000000cd500000, 0x00000000cd500000| Untracked 
|  65|0x00000000cd500000, 0x00000000cd600000, 0x00000000cd600000|100%| O|  |TAMS 0x00000000cd600000, 0x00000000cd600000| Untracked 
|  66|0x00000000cd600000, 0x00000000cd700000, 0x00000000cd700000|100%| O|  |TAMS 0x00000000cd700000, 0x00000000cd700000| Untracked 
|  67|0x00000000cd700000, 0x00000000cd800000, 0x00000000cd800000|100%| O|  |TAMS 0x00000000cd800000, 0x00000000cd800000| Untracked 
|  68|0x00000000cd800000, 0x00000000cd900000, 0x00000000cd900000|100%| O|  |TAMS 0x00000000cd900000, 0x00000000cd900000| Untracked 
|  69|0x00000000cd900000, 0x00000000cda00000, 0x00000000cda00000|100%| O|  |TAMS 0x00000000cda00000, 0x00000000cda00000| Untracked 
|  70|0x00000000cda00000, 0x00000000cdb00000, 0x00000000cdb00000|100%| O|  |TAMS 0x00000000cdb00000, 0x00000000cdb00000| Untracked 
|  71|0x00000000cdb00000, 0x00000000cdc00000, 0x00000000cdc00000|100%| O|  |TAMS 0x00000000cdc00000, 0x00000000cdc00000| Untracked 
|  72|0x00000000cdc00000, 0x00000000cdd00000, 0x00000000cdd00000|100%| O|  |TAMS 0x00000000cdd00000, 0x00000000cdd00000| Untracked 
|  73|0x00000000cdd00000, 0x00000000cde00000, 0x00000000cde00000|100%| O|  |TAMS 0x00000000cde00000, 0x00000000cde00000| Untracked 
|  74|0x00000000cde00000, 0x00000000cdf00000, 0x00000000cdf00000|100%| O|  |TAMS 0x00000000cdf00000, 0x00000000cdf00000| Untracked 
|  75|0x00000000cdf00000, 0x00000000ce000000, 0x00000000ce000000|100%| O|  |TAMS 0x00000000ce000000, 0x00000000ce000000| Untracked 
|  76|0x00000000ce000000, 0x00000000ce100000, 0x00000000ce100000|100%| O|  |TAMS 0x00000000ce100000, 0x00000000ce100000| Untracked 
|  77|0x00000000ce100000, 0x00000000ce200000, 0x00000000ce200000|100%| O|  |TAMS 0x00000000ce200000, 0x00000000ce200000| Untracked 
|  78|0x00000000ce200000, 0x00000000ce300000, 0x00000000ce300000|100%| O|  |TAMS 0x00000000ce300000, 0x00000000ce300000| Untracked 
|  79|0x00000000ce300000, 0x00000000ce400000, 0x00000000ce400000|100%| O|  |TAMS 0x00000000ce400000, 0x00000000ce400000| Untracked 
|  80|0x00000000ce400000, 0x00000000ce500000, 0x00000000ce500000|100%| O|  |TAMS 0x00000000ce500000, 0x00000000ce500000| Untracked 
|  81|0x00000000ce500000, 0x00000000ce600000, 0x00000000ce600000|100%| O|  |TAMS 0x00000000ce600000, 0x00000000ce600000| Untracked 
|  82|0x00000000ce600000, 0x00000000ce700000, 0x00000000ce700000|100%| O|  |TAMS 0x00000000ce700000, 0x00000000ce700000| Untracked 
|  83|0x00000000ce700000, 0x00000000ce800000, 0x00000000ce800000|100%| O|  |TAMS 0x00000000ce800000, 0x00000000ce800000| Untracked 
|  84|0x00000000ce800000, 0x00000000ce900000, 0x00000000ce900000|100%| O|  |TAMS 0x00000000ce900000, 0x00000000ce900000| Untracked 
|  85|0x00000000ce900000, 0x00000000cea00000, 0x00000000cea00000|100%| O|  |TAMS 0x00000000cea00000, 0x00000000cea00000| Untracked 
|  86|0x00000000cea00000, 0x00000000ceb00000, 0x00000000ceb00000|100%| O|  |TAMS 0x00000000ceb00000, 0x00000000ceb00000| Untracked 
|  87|0x00000000ceb00000, 0x00000000cec00000, 0x00000000cec00000|100%| O|  |TAMS 0x00000000cec00000, 0x00000000cec00000| Untracked 
|  88|0x00000000cec00000, 0x00000000ced00000, 0x00000000ced00000|100%| O|  |TAMS 0x00000000ced00000, 0x00000000ced00000| Untracked 
|  89|0x00000000ced00000, 0x00000000cee00000, 0x00000000cee00000|100%| O|  |TAMS 0x00000000ced00000, 0x00000000cee00000| Untracked 
|  90|0x00000000cee00000, 0x00000000cef00000, 0x00000000cef00000|100%| O|  |TAMS 0x00000000cef00000, 0x00000000cef00000| Untracked 
|  91|0x00000000cef00000, 0x00000000cf000000, 0x00000000cf000000|100%| O|  |TAMS 0x00000000cf000000, 0x00000000cf000000| Untracked 
|  92|0x00000000cf000000, 0x00000000cf100000, 0x00000000cf100000|100%| O|  |TAMS 0x00000000cf100000, 0x00000000cf100000| Untracked 
|  93|0x00000000cf100000, 0x00000000cf200000, 0x00000000cf200000|100%| O|  |TAMS 0x00000000cf200000, 0x00000000cf200000| Untracked 
|  94|0x00000000cf200000, 0x00000000cf300000, 0x00000000cf300000|100%| O|  |TAMS 0x00000000cf300000, 0x00000000cf300000| Untracked 
|  95|0x00000000cf300000, 0x00000000cf400000, 0x00000000cf400000|100%| O|  |TAMS 0x00000000cf400000, 0x00000000cf400000| Untracked 
|  96|0x00000000cf400000, 0x00000000cf500000, 0x00000000cf500000|100%| O|  |TAMS 0x00000000cf500000, 0x00000000cf500000| Untracked 
|  97|0x00000000cf500000, 0x00000000cf600000, 0x00000000cf600000|100%| O|  |TAMS 0x00000000cf500000, 0x00000000cf600000| Untracked 
|  98|0x00000000cf600000, 0x00000000cf700000, 0x00000000cf700000|100%| O|  |TAMS 0x00000000cf600000, 0x00000000cf700000| Untracked 
|  99|0x00000000cf700000, 0x00000000cf800000, 0x00000000cf800000|100%| O|  |TAMS 0x00000000cf700000, 0x00000000cf800000| Untracked 
| 100|0x00000000cf800000, 0x00000000cf900000, 0x00000000cf900000|100%| O|  |TAMS 0x00000000cf800000, 0x00000000cf900000| Untracked 
| 101|0x00000000cf900000, 0x00000000cfa00000, 0x00000000cfa00000|100%| O|  |TAMS 0x00000000cf900000, 0x00000000cfa00000| Untracked 
| 102|0x00000000cfa00000, 0x00000000cfb00000, 0x00000000cfb00000|100%| O|  |TAMS 0x00000000cfa00000, 0x00000000cfb00000| Untracked 
| 103|0x00000000cfb00000, 0x00000000cfc00000, 0x00000000cfc00000|100%| O|  |TAMS 0x00000000cfb00000, 0x00000000cfc00000| Untracked 
| 104|0x00000000cfc00000, 0x00000000cfd00000, 0x00000000cfd00000|100%| O|  |TAMS 0x00000000cfc00000, 0x00000000cfd00000| Untracked 
| 105|0x00000000cfd00000, 0x00000000cfe00000, 0x00000000cfe00000|100%| O|  |TAMS 0x00000000cfd00000, 0x00000000cfe00000| Untracked 
| 106|0x00000000cfe00000, 0x00000000cff00000, 0x00000000cff00000|100%| O|  |TAMS 0x00000000cfe00000, 0x00000000cff00000| Untracked 
| 107|0x00000000cff00000, 0x00000000d0000000, 0x00000000d0000000|100%| O|  |TAMS 0x00000000cff00000, 0x00000000d0000000| Untracked 
| 108|0x00000000d0000000, 0x00000000d0100000, 0x00000000d0100000|100%| O|  |TAMS 0x00000000d0000000, 0x00000000d0100000| Untracked 
| 109|0x00000000d0100000, 0x00000000d0200000, 0x00000000d0200000|100%| O|  |TAMS 0x00000000d0100000, 0x00000000d0200000| Untracked 
| 110|0x00000000d0200000, 0x00000000d0300000, 0x00000000d0300000|100%| O|  |TAMS 0x00000000d0200000, 0x00000000d0300000| Untracked 
| 111|0x00000000d0300000, 0x00000000d0400000, 0x00000000d0400000|100%| O|  |TAMS 0x00000000d0300000, 0x00000000d0400000| Untracked 
| 112|0x00000000d0400000, 0x00000000d0500000, 0x00000000d0500000|100%| O|  |TAMS 0x00000000d0400000, 0x00000000d0500000| Untracked 
| 113|0x00000000d0500000, 0x00000000d0600000, 0x00000000d0600000|100%| O|  |TAMS 0x00000000d0500000, 0x00000000d0600000| Untracked 
| 114|0x00000000d0600000, 0x00000000d0700000, 0x00000000d0700000|100%| O|  |TAMS 0x00000000d0600000, 0x00000000d0700000| Untracked 
| 115|0x00000000d0700000, 0x00000000d0800000, 0x00000000d0800000|100%| O|  |TAMS 0x00000000d0700000, 0x00000000d0800000| Untracked 
| 116|0x00000000d0800000, 0x00000000d0900000, 0x00000000d0900000|100%| O|  |TAMS 0x00000000d0800000, 0x00000000d0900000| Untracked 
| 117|0x00000000d0900000, 0x00000000d0a00000, 0x00000000d0a00000|100%| O|  |TAMS 0x00000000d0900000, 0x00000000d0a00000| Untracked 
| 118|0x00000000d0a00000, 0x00000000d0b00000, 0x00000000d0b00000|100%| O|  |TAMS 0x00000000d0a00000, 0x00000000d0b00000| Untracked 
| 119|0x00000000d0b00000, 0x00000000d0c00000, 0x00000000d0c00000|100%| O|  |TAMS 0x00000000d0b00000, 0x00000000d0c00000| Untracked 
| 120|0x00000000d0c00000, 0x00000000d0d00000, 0x00000000d0d00000|100%| O|  |TAMS 0x00000000d0c00000, 0x00000000d0d00000| Untracked 
| 121|0x00000000d0d00000, 0x00000000d0e00000, 0x00000000d0e00000|100%| O|  |TAMS 0x00000000d0d00000, 0x00000000d0e00000| Untracked 
| 122|0x00000000d0e00000, 0x00000000d0f00000, 0x00000000d0f00000|100%| O|  |TAMS 0x00000000d0e00000, 0x00000000d0f00000| Untracked 
| 123|0x00000000d0f00000, 0x00000000d1000000, 0x00000000d1000000|100%| O|  |TAMS 0x00000000d0f00000, 0x00000000d1000000| Untracked 
| 124|0x00000000d1000000, 0x00000000d1100000, 0x00000000d1100000|100%| O|  |TAMS 0x00000000d1000000, 0x00000000d1100000| Untracked 
| 125|0x00000000d1100000, 0x00000000d1200000, 0x00000000d1200000|100%| O|  |TAMS 0x00000000d1100000, 0x00000000d1200000| Untracked 
| 126|0x00000000d1200000, 0x00000000d1300000, 0x00000000d1300000|100%| O|  |TAMS 0x00000000d1200000, 0x00000000d1300000| Untracked 
| 127|0x00000000d1300000, 0x00000000d1400000, 0x00000000d1400000|100%| O|  |TAMS 0x00000000d1300000, 0x00000000d1400000| Untracked 
| 128|0x00000000d1400000, 0x00000000d1500000, 0x00000000d1500000|100%| O|  |TAMS 0x00000000d1400000, 0x00000000d1500000| Untracked 
| 129|0x00000000d1500000, 0x00000000d1600000, 0x00000000d1600000|100%| O|  |TAMS 0x00000000d1500000, 0x00000000d1600000| Untracked 
| 130|0x00000000d1600000, 0x00000000d1700000, 0x00000000d1700000|100%| O|  |TAMS 0x00000000d1600000, 0x00000000d1700000| Untracked 
| 131|0x00000000d1700000, 0x00000000d1800000, 0x00000000d1800000|100%| O|  |TAMS 0x00000000d1700000, 0x00000000d1800000| Untracked 
| 132|0x00000000d1800000, 0x00000000d1900000, 0x00000000d1900000|100%| O|  |TAMS 0x00000000d1800000, 0x00000000d1900000| Untracked 
| 133|0x00000000d1900000, 0x00000000d1a00000, 0x00000000d1a00000|100%| O|  |TAMS 0x00000000d1900000, 0x00000000d1980000| Untracked 
| 134|0x00000000d1a00000, 0x00000000d1b00000, 0x00000000d1b00000|100%| O|  |TAMS 0x00000000d1a00000, 0x00000000d1a00000| Untracked 
| 135|0x00000000d1b00000, 0x00000000d1c00000, 0x00000000d1c00000|100%| O|  |TAMS 0x00000000d1b00000, 0x00000000d1b00000| Untracked 
| 136|0x00000000d1c00000, 0x00000000d1d00000, 0x00000000d1d00000|100%| O|  |TAMS 0x00000000d1c00000, 0x00000000d1c00000| Untracked 
| 137|0x00000000d1d00000, 0x00000000d1e00000, 0x00000000d1e00000|100%| O|  |TAMS 0x00000000d1d00000, 0x00000000d1d00000| Untracked 
| 138|0x00000000d1e00000, 0x00000000d1f00000, 0x00000000d1f00000|100%| O|  |TAMS 0x00000000d1e00000, 0x00000000d1e00000| Untracked 
| 139|0x00000000d1f00000, 0x00000000d2000000, 0x00000000d2000000|100%| O|  |TAMS 0x00000000d1f00000, 0x00000000d1f00000| Untracked 
| 140|0x00000000d2000000, 0x00000000d2100000, 0x00000000d2100000|100%| O|  |TAMS 0x00000000d2000000, 0x00000000d2000000| Untracked 
| 141|0x00000000d2100000, 0x00000000d2200000, 0x00000000d2200000|100%| O|  |TAMS 0x00000000d2100000, 0x00000000d2100000| Untracked 
| 142|0x00000000d2200000, 0x00000000d2300000, 0x00000000d2300000|100%| O|  |TAMS 0x00000000d2200000, 0x00000000d2200000| Untracked 
| 143|0x00000000d2300000, 0x00000000d2400000, 0x00000000d2400000|100%| O|  |TAMS 0x00000000d2300000, 0x00000000d2300000| Untracked 
| 144|0x00000000d2400000, 0x00000000d2500000, 0x00000000d2500000|100%| O|  |TAMS 0x00000000d2400000, 0x00000000d2400000| Untracked 
| 145|0x00000000d2500000, 0x00000000d2600000, 0x00000000d2600000|100%| O|  |TAMS 0x00000000d2500000, 0x00000000d2500000| Untracked 
| 146|0x00000000d2600000, 0x00000000d2700000, 0x00000000d2700000|100%| O|  |TAMS 0x00000000d2600000, 0x00000000d2600000| Untracked 
| 147|0x00000000d2700000, 0x00000000d2780000, 0x00000000d2800000| 50%| O|  |TAMS 0x00000000d2700000, 0x00000000d2700000| Untracked 
| 148|0x00000000d2800000, 0x00000000d2800000, 0x00000000d2900000|  0%| F|  |TAMS 0x00000000d2800000, 0x00000000d2800000| Untracked 
| 149|0x00000000d2900000, 0x00000000d2900000, 0x00000000d2a00000|  0%| F|  |TAMS 0x00000000d2900000, 0x00000000d2900000| Untracked 
| 150|0x00000000d2a00000, 0x00000000d2a00000, 0x00000000d2b00000|  0%| F|  |TAMS 0x00000000d2a00000, 0x00000000d2a00000| Untracked 
| 151|0x00000000d2b00000, 0x00000000d2b00000, 0x00000000d2c00000|  0%| F|  |TAMS 0x00000000d2b00000, 0x00000000d2b00000| Untracked 
| 152|0x00000000d2c00000, 0x00000000d2c00000, 0x00000000d2d00000|  0%| F|  |TAMS 0x00000000d2c00000, 0x00000000d2c00000| Untracked 
| 153|0x00000000d2d00000, 0x00000000d2d00000, 0x00000000d2e00000|  0%| F|  |TAMS 0x00000000d2d00000, 0x00000000d2d00000| Untracked 
| 154|0x00000000d2e00000, 0x00000000d2e00000, 0x00000000d2f00000|  0%| F|  |TAMS 0x00000000d2e00000, 0x00000000d2e00000| Untracked 
| 155|0x00000000d2f00000, 0x00000000d2f00000, 0x00000000d3000000|  0%| F|  |TAMS 0x00000000d2f00000, 0x00000000d2f00000| Untracked 
| 156|0x00000000d3000000, 0x00000000d3000000, 0x00000000d3100000|  0%| F|  |TAMS 0x00000000d3000000, 0x00000000d3000000| Untracked 
| 157|0x00000000d3100000, 0x00000000d3100000, 0x00000000d3200000|  0%| F|  |TAMS 0x00000000d3100000, 0x00000000d3100000| Untracked 
| 158|0x00000000d3200000, 0x00000000d3200000, 0x00000000d3300000|  0%| F|  |TAMS 0x00000000d3200000, 0x00000000d3200000| Untracked 
| 159|0x00000000d3300000, 0x00000000d3300000, 0x00000000d3400000|  0%| F|  |TAMS 0x00000000d3300000, 0x00000000d3300000| Untracked 
| 160|0x00000000d3400000, 0x00000000d3400000, 0x00000000d3500000|  0%| F|  |TAMS 0x00000000d3400000, 0x00000000d3400000| Untracked 
| 161|0x00000000d3500000, 0x00000000d3500000, 0x00000000d3600000|  0%| F|  |TAMS 0x00000000d3500000, 0x00000000d3500000| Untracked 
| 162|0x00000000d3600000, 0x00000000d3600000, 0x00000000d3700000|  0%| F|  |TAMS 0x00000000d3600000, 0x00000000d3600000| Untracked 
| 163|0x00000000d3700000, 0x00000000d3700000, 0x00000000d3800000|  0%| F|  |TAMS 0x00000000d3700000, 0x00000000d3700000| Untracked 
| 164|0x00000000d3800000, 0x00000000d3800000, 0x00000000d3900000|  0%| F|  |TAMS 0x00000000d3800000, 0x00000000d3800000| Untracked 
| 165|0x00000000d3900000, 0x00000000d3900000, 0x00000000d3a00000|  0%| F|  |TAMS 0x00000000d3900000, 0x00000000d3900000| Untracked 
| 166|0x00000000d3a00000, 0x00000000d3a00000, 0x00000000d3b00000|  0%| F|  |TAMS 0x00000000d3a00000, 0x00000000d3a00000| Untracked 
| 167|0x00000000d3b00000, 0x00000000d3b00000, 0x00000000d3c00000|  0%| F|  |TAMS 0x00000000d3b00000, 0x00000000d3b00000| Untracked 
| 168|0x00000000d3c00000, 0x00000000d3c00000, 0x00000000d3d00000|  0%| F|  |TAMS 0x00000000d3c00000, 0x00000000d3c00000| Untracked 
| 169|0x00000000d3d00000, 0x00000000d3d00000, 0x00000000d3e00000|  0%| F|  |TAMS 0x00000000d3d00000, 0x00000000d3d00000| Untracked 
| 170|0x00000000d3e00000, 0x00000000d3e00000, 0x00000000d3f00000|  0%| F|  |TAMS 0x00000000d3e00000, 0x00000000d3e00000| Untracked 
| 171|0x00000000d3f00000, 0x00000000d3f00000, 0x00000000d4000000|  0%| F|  |TAMS 0x00000000d3f00000, 0x00000000d3f00000| Untracked 
| 172|0x00000000d4000000, 0x00000000d4000000, 0x00000000d4100000|  0%| F|  |TAMS 0x00000000d4000000, 0x00000000d4000000| Untracked 
| 173|0x00000000d4100000, 0x00000000d4100000, 0x00000000d4200000|  0%| F|  |TAMS 0x00000000d4100000, 0x00000000d4100000| Untracked 
| 174|0x00000000d4200000, 0x00000000d4200000, 0x00000000d4300000|  0%| F|  |TAMS 0x00000000d4200000, 0x00000000d4200000| Untracked 
| 175|0x00000000d4300000, 0x00000000d4300000, 0x00000000d4400000|  0%| F|  |TAMS 0x00000000d4300000, 0x00000000d4300000| Untracked 
| 176|0x00000000d4400000, 0x00000000d4400000, 0x00000000d4500000|  0%| F|  |TAMS 0x00000000d4400000, 0x00000000d4400000| Untracked 
| 177|0x00000000d4500000, 0x00000000d4500000, 0x00000000d4600000|  0%| F|  |TAMS 0x00000000d4500000, 0x00000000d4500000| Untracked 
| 178|0x00000000d4600000, 0x00000000d4600000, 0x00000000d4700000|  0%| F|  |TAMS 0x00000000d4600000, 0x00000000d4600000| Untracked 
| 179|0x00000000d4700000, 0x00000000d4700000, 0x00000000d4800000|  0%| F|  |TAMS 0x00000000d4700000, 0x00000000d4700000| Untracked 
| 180|0x00000000d4800000, 0x00000000d4800000, 0x00000000d4900000|  0%| F|  |TAMS 0x00000000d4800000, 0x00000000d4800000| Untracked 
| 181|0x00000000d4900000, 0x00000000d4900000, 0x00000000d4a00000|  0%| F|  |TAMS 0x00000000d4900000, 0x00000000d4900000| Untracked 
| 182|0x00000000d4a00000, 0x00000000d4a00000, 0x00000000d4b00000|  0%| F|  |TAMS 0x00000000d4a00000, 0x00000000d4a00000| Untracked 
| 183|0x00000000d4b00000, 0x00000000d4b00000, 0x00000000d4c00000|  0%| F|  |TAMS 0x00000000d4b00000, 0x00000000d4b00000| Untracked 
| 184|0x00000000d4c00000, 0x00000000d4c00000, 0x00000000d4d00000|  0%| F|  |TAMS 0x00000000d4c00000, 0x00000000d4c00000| Untracked 
| 185|0x00000000d4d00000, 0x00000000d4e00000, 0x00000000d4e00000|100%| S|CS|TAMS 0x00000000d4d00000, 0x00000000d4d00000| Complete 
| 186|0x00000000d4e00000, 0x00000000d4f00000, 0x00000000d4f00000|100%| S|CS|TAMS 0x00000000d4e00000, 0x00000000d4e00000| Complete 
| 187|0x00000000d4f00000, 0x00000000d4f00000, 0x00000000d5000000|  0%| F|  |TAMS 0x00000000d4f00000, 0x00000000d4f00000| Untracked 
| 188|0x00000000d5000000, 0x00000000d5100000, 0x00000000d5100000|100%| S|CS|TAMS 0x00000000d5000000, 0x00000000d5000000| Complete 
| 189|0x00000000d5100000, 0x00000000d5100000, 0x00000000d5200000|  0%| F|  |TAMS 0x00000000d5100000, 0x00000000d5100000| Untracked 
| 190|0x00000000d5200000, 0x00000000d5200000, 0x00000000d5300000|  0%| F|  |TAMS 0x00000000d5200000, 0x00000000d5200000| Untracked 
| 191|0x00000000d5300000, 0x00000000d5300000, 0x00000000d5400000|  0%| F|  |TAMS 0x00000000d5300000, 0x00000000d5300000| Untracked 
| 192|0x00000000d5400000, 0x00000000d5400000, 0x00000000d5500000|  0%| F|  |TAMS 0x00000000d5400000, 0x00000000d5400000| Untracked 
| 193|0x00000000d5500000, 0x00000000d5500000, 0x00000000d5600000|  0%| F|  |TAMS 0x00000000d5500000, 0x00000000d5500000| Untracked 
| 194|0x00000000d5600000, 0x00000000d5600000, 0x00000000d5700000|  0%| F|  |TAMS 0x00000000d5600000, 0x00000000d5600000| Untracked 
| 195|0x00000000d5700000, 0x00000000d5700000, 0x00000000d5800000|  0%| F|  |TAMS 0x00000000d5700000, 0x00000000d5700000| Untracked 
| 196|0x00000000d5800000, 0x00000000d5800000, 0x00000000d5900000|  0%| F|  |TAMS 0x00000000d5800000, 0x00000000d5800000| Untracked 
| 197|0x00000000d5900000, 0x00000000d5900000, 0x00000000d5a00000|  0%| F|  |TAMS 0x00000000d5900000, 0x00000000d5900000| Untracked 
| 198|0x00000000d5a00000, 0x00000000d5a00000, 0x00000000d5b00000|  0%| F|  |TAMS 0x00000000d5a00000, 0x00000000d5a00000| Untracked 
| 199|0x00000000d5b00000, 0x00000000d5b00000, 0x00000000d5c00000|  0%| F|  |TAMS 0x00000000d5b00000, 0x00000000d5b00000| Untracked 
| 200|0x00000000d5c00000, 0x00000000d5c00000, 0x00000000d5d00000|  0%| F|  |TAMS 0x00000000d5c00000, 0x00000000d5c00000| Untracked 
| 201|0x00000000d5d00000, 0x00000000d5d00000, 0x00000000d5e00000|  0%| F|  |TAMS 0x00000000d5d00000, 0x00000000d5d00000| Untracked 
| 202|0x00000000d5e00000, 0x00000000d5e00000, 0x00000000d5f00000|  0%| F|  |TAMS 0x00000000d5e00000, 0x00000000d5e00000| Untracked 
| 203|0x00000000d5f00000, 0x00000000d5f00000, 0x00000000d6000000|  0%| F|  |TAMS 0x00000000d5f00000, 0x00000000d5f00000| Untracked 
| 204|0x00000000d6000000, 0x00000000d6000000, 0x00000000d6100000|  0%| F|  |TAMS 0x00000000d6000000, 0x00000000d6000000| Untracked 

Card table byte_map: [0x000001eb95d10000,0x000001eb95ed0000] _byte_map_base: 0x000001eb956c6000

Marking Bits (Prev, Next): (CMBitMap*) 0x000001eb95f7eef8, (CMBitMap*) 0x000001eb95f7eeb8
 Prev Bits: [0x000001ebae660000, 0x000001ebaf410000)
 Next Bits: [0x000001ebad8b0000, 0x000001ebae660000)

Polling page: 0x000001eb95720000

Metaspace:

Usage:
  Non-class:      4.14 MB capacity,   491.97 KB ( 12%) used,     3.66 MB ( 88%) free+waste,   576 bytes ( <1%) overhead. 
      Class:    425.00 KB capacity,    49.25 KB ( 12%) used,   375.31 KB ( 88%) free+waste,   448 bytes ( <1%) overhead. 
       Both:      4.56 MB capacity,   541.22 KB ( 12%) used,     4.03 MB ( 88%) free+waste,     1.00 KB ( <1%) overhead. 

Virtual space:
  Non-class space:        8.00 MB reserved,       4.25 MB ( 53%) committed 
      Class space:        1.00 GB reserved,     512.00 KB ( <1%) committed 
             Both:        1.01 GB reserved,       4.75 MB ( <1%) committed 

Chunk freelists:
   Non-Class:  46.00 KB
       Class:  23.00 KB
        Both:  69.00 KB

MaxMetaspaceSize: 17179869184.00 GB
CompressedClassSpaceSize: 1.00 GB

CodeHeap 'non-profiled nmethods': size=120064Kb used=56Kb max_used=56Kb free=120007Kb
 bounds [0x000001eba61b0000, 0x000001eba6420000, 0x000001ebad6f0000]
CodeHeap 'profiled nmethods': size=120000Kb used=274Kb max_used=274Kb free=119725Kb
 bounds [0x000001eb9ec80000, 0x000001eb9eef0000, 0x000001eba61b0000]
CodeHeap 'non-nmethods': size=5696Kb used=1110Kb max_used=1125Kb free=4585Kb
 bounds [0x000001eb9e6f0000, 0x000001eb9e960000, 0x000001eb9ec80000]
 total_blobs=529 nmethods=179 adapters=263
 compilation: enabled
              stopped_count=0, restarted_count=0
 full_count=0

Compilation events (20 events):
Event: 0.390 Thread 0x000001ebb1f8c800  169 %     4       datasetcon.Mnist::getTrainingSet @ 77 (287 bytes)
Event: 0.390 Thread 0x000001ebb2001000  170       3       org.ejml.data.DMatrixRMaj::copy (9 bytes)
Event: 0.391 Thread 0x000001ebb2001000 nmethod 170 0x000001eb9ecc0210 code [0x000001eb9ecc0420, 0x000001eb9ecc0bd8]
Event: 0.391 Thread 0x000001ebb2001000  171       3       org.ejml.data.DMatrixRMaj::<init> (30 bytes)
Event: 0.391 Thread 0x000001ebb2001000 nmethod 171 0x000001eb9ecc0e90 code [0x000001eb9ecc10a0, 0x000001eb9ecc1778]
Event: 0.391 Thread 0x000001ebb2001000  172       3       org.ejml.data.DMatrixRMaj::<init> (29 bytes)
Event: 0.391 Thread 0x000001ebb2001000 nmethod 172 0x000001eb9ecc1a10 code [0x000001eb9ecc1be0, 0x000001eb9ecc2128]
Event: 0.393 Thread 0x000001ebb2001000  173       3       org.ejml.data.DMatrixRMaj::getNumElements (10 bytes)
Event: 0.393 Thread 0x000001ebb2001000 nmethod 173 0x000001eb9ecc2310 code [0x000001eb9ecc24a0, 0x000001eb9ecc25b8]
Event: 0.402 Thread 0x000001ebb1f8c800 nmethod 169% 0x000001eba61bc390 code [0x000001eba61bc620, 0x000001eba61bd458]
Event: 0.403 Thread 0x000001ebb2001000  174       3       org.ejml.UtilEjml::checkTooLarge (24 bytes)
Event: 0.403 Thread 0x000001ebb2001000 nmethod 174 0x000001eb9ecc2690 code [0x000001eb9ecc2840, 0x000001eb9ecc2a48]
Event: 0.498 Thread 0x000001ebb2001000  175       3       java.io.FileInputStream::read (8 bytes)
Event: 0.498 Thread 0x000001ebb2001000 nmethod 175 0x000001eb9ecc2b10 code [0x000001eb9ecc2cc0, 0x000001eb9ecc2e08]
Event: 0.505 Thread 0x000001ebb2001000  177       3       java.io.BufferedInputStream::getInIfOpen (21 bytes)
Event: 0.505 Thread 0x000001ebb2001000 nmethod 177 0x000001eb9ecc2f10 code [0x000001eb9ecc30c0, 0x000001eb9ecc3308]
Event: 0.505 Thread 0x000001ebb2001000  178       3       java.io.BufferedInputStream::fill (203 bytes)
Event: 0.506 Thread 0x000001ebb2001000 nmethod 178 0x000001eb9ecc3410 code [0x000001eb9ecc36a0, 0x000001eb9ecc44a8]
Event: 0.610 Thread 0x000001ebb1f8c800  179       4       org.ejml.UtilEjml::checkTooLarge (24 bytes)
Event: 0.610 Thread 0x000001ebb1f8c800 nmethod 179 0x000001eba61bde10 code [0x000001eba61bdfa0, 0x000001eba61be038]

GC Heap History (20 events):
Event: 0.491 GC heap after
{Heap after GC invocations=3 (full 0):
 garbage-first heap   total 57344K, used 14453K [0x00000000c9400000, 0x0000000100000000)
  region size 1024K, 1 young (1024K), 1 survivors (1024K)
 Metaspace       used 538K, capacity 4667K, committed 4864K, reserved 1056768K
  class space    used 49K, capacity 425K, committed 512K, reserved 1048576K
}
Event: 0.522 GC heap before
{Heap before GC invocations=3 (full 0):
 garbage-first heap   total 57344K, used 22645K [0x00000000c9400000, 0x0000000100000000)
  region size 1024K, 10 young (10240K), 1 survivors (1024K)
 Metaspace       used 541K, capacity 4667K, committed 4864K, reserved 1056768K
  class space    used 49K, capacity 425K, committed 512K, reserved 1048576K
}
Event: 0.537 GC heap after
{Heap after GC invocations=4 (full 0):
 garbage-first heap   total 57344K, used 23496K [0x00000000c9400000, 0x0000000100000000)
  region size 1024K, 2 young (2048K), 2 survivors (2048K)
 Metaspace       used 541K, capacity 4667K, committed 4864K, reserved 1056768K
  class space    used 49K, capacity 425K, committed 512K, reserved 1048576K
}
Event: 0.560 GC heap before
{Heap before GC invocations=4 (full 0):
 garbage-first heap   total 57344K, used 29640K [0x00000000c9400000, 0x0000000100000000)
  region size 1024K, 9 young (9216K), 2 survivors (2048K)
 Metaspace       used 541K, capacity 4667K, committed 4864K, reserved 1056768K
  class space    used 49K, capacity 425K, committed 512K, reserved 1048576K
}
Event: 0.578 GC heap after
{Heap after GC invocations=5 (full 0):
 garbage-first heap   total 95232K, used 30586K [0x00000000c9400000, 0x0000000100000000)
  region size 1024K, 2 young (2048K), 2 survivors (2048K)
 Metaspace       used 541K, capacity 4667K, committed 4864K, reserved 1056768K
  class space    used 49K, capacity 425K, committed 512K, reserved 1048576K
}
Event: 0.660 GC heap before
{Heap before GC invocations=5 (full 0):
 garbage-first heap   total 95232K, used 45946K [0x00000000c9400000, 0x0000000100000000)
  region size 1024K, 17 young (17408K), 2 survivors (2048K)
 Metaspace       used 541K, capacity 4667K, committed 4864K, reserved 1056768K
  class space    used 49K, capacity 425K, committed 512K, reserved 1048576K
}
Event: 0.673 GC heap after
{Heap after GC invocations=6 (full 0):
 garbage-first heap   total 95232K, used 45698K [0x00000000c9400000, 0x0000000100000000)
  region size 1024K, 3 young (3072K), 3 survivors (3072K)
 Metaspace       used 541K, capacity 4667K, committed 4864K, reserved 1056768K
  class space    used 49K, capacity 425K, committed 512K, reserved 1048576K
}
Event: 0.715 GC heap before
{Heap before GC invocations=6 (full 0):
 garbage-first heap   total 95232K, used 56962K [0x00000000c9400000, 0x0000000100000000)
  region size 1024K, 14 young (14336K), 3 survivors (3072K)
 Metaspace       used 541K, capacity 4667K, committed 4864K, reserved 1056768K
  class space    used 49K, capacity 425K, committed 512K, reserved 1048576K
}
Event: 0.721 GC heap after
{Heap after GC invocations=7 (full 0):
 garbage-first heap   total 95232K, used 57099K [0x00000000c9400000, 0x0000000100000000)
  region size 1024K, 2 young (2048K), 2 survivors (2048K)
 Metaspace       used 541K, capacity 4667K, committed 4864K, reserved 1056768K
  class space    used 49K, capacity 425K, committed 512K, reserved 1048576K
}
Event: 0.758 GC heap before
{Heap before GC invocations=8 (full 0):
 garbage-first heap   total 97280K, used 63243K [0x00000000c9400000, 0x0000000100000000)
  region size 1024K, 9 young (9216K), 2 survivors (2048K)
 Metaspace       used 541K, capacity 4667K, committed 4864K, reserved 1056768K
  class space    used 49K, capacity 425K, committed 512K, reserved 1048576K
}
Event: 0.763 GC heap after
{Heap after GC invocations=9 (full 0):
 garbage-first heap   total 97280K, used 65024K [0x00000000c9400000, 0x0000000100000000)
  region size 1024K, 2 young (2048K), 2 survivors (2048K)
 Metaspace       used 541K, capacity 4667K, committed 4864K, reserved 1056768K
  class space    used 49K, capacity 425K, committed 512K, reserved 1048576K
}
Event: 0.787 GC heap before
{Heap before GC invocations=9 (full 0):
 garbage-first heap   total 97280K, used 70144K [0x00000000c9400000, 0x0000000100000000)
  region size 1024K, 7 young (7168K), 2 survivors (2048K)
 Metaspace       used 541K, capacity 4667K, committed 4864K, reserved 1056768K
  class space    used 49K, capacity 425K, committed 512K, reserved 1048576K
}
Event: 0.792 GC heap after
{Heap after GC invocations=10 (full 0):
 garbage-first heap   total 194560K, used 70656K [0x00000000c9400000, 0x0000000100000000)
  region size 1024K, 1 young (1024K), 1 survivors (1024K)
 Metaspace       used 541K, capacity 4667K, committed 4864K, reserved 1056768K
  class space    used 49K, capacity 425K, committed 512K, reserved 1048576K
}
Event: 0.932 GC heap before
{Heap before GC invocations=11 (full 0):
 garbage-first heap   total 194560K, used 102400K [0x00000000c9400000, 0x0000000100000000)
  region size 1024K, 32 young (32768K), 1 survivors (1024K)
 Metaspace       used 541K, capacity 4667K, committed 4864K, reserved 1056768K
  class space    used 49K, capacity 425K, committed 512K, reserved 1048576K
}
Event: 1.106 GC heap after
{Heap after GC invocations=12 (full 0):
 garbage-first heap   total 194560K, used 102400K [0x00000000c9400000, 0x0000000100000000)
  region size 1024K, 4 young (4096K), 4 survivors (4096K)
 Metaspace       used 541K, capacity 4667K, committed 4864K, reserved 1056768K
  class space    used 49K, capacity 425K, committed 512K, reserved 1048576K
}
Event: 1.454 GC heap before
{Heap before GC invocations=12 (full 0):
 garbage-first heap   total 194560K, used 123904K [0x00000000c9400000, 0x0000000100000000)
  region size 1024K, 25 young (25600K), 4 survivors (4096K)
 Metaspace       used 541K, capacity 4667K, committed 4864K, reserved 1056768K
  class space    used 49K, capacity 425K, committed 512K, reserved 1048576K
}
Event: 1.472 GC heap after
{Heap after GC invocations=13 (full 0):
 garbage-first heap   total 194560K, used 123904K [0x00000000c9400000, 0x0000000100000000)
  region size 1024K, 4 young (4096K), 4 survivors (4096K)
 Metaspace       used 541K, capacity 4667K, committed 4864K, reserved 1056768K
  class space    used 49K, capacity 425K, committed 512K, reserved 1048576K
}
Event: 1.880 GC heap before
{Heap before GC invocations=14 (full 0):
 garbage-first heap   total 209920K, used 139264K [0x00000000c9400000, 0x0000000100000000)
  region size 1024K, 19 young (19456K), 4 survivors (4096K)
 Metaspace       used 541K, capacity 4667K, committed 4864K, reserved 1056768K
  class space    used 49K, capacity 425K, committed 512K, reserved 1048576K
}
Event: 2.038 GC heap after
{Heap after GC invocations=15 (full 0):
 garbage-first heap   total 209920K, used 139776K [0x00000000c9400000, 0x0000000100000000)
  region size 1024K, 3 young (3072K), 3 survivors (3072K)
 Metaspace       used 541K, capacity 4667K, committed 4864K, reserved 1056768K
  class space    used 49K, capacity 425K, committed 512K, reserved 1048576K
}
Event: 2.684 GC heap before
{Heap before GC invocations=15 (full 0):
 garbage-first heap   total 209920K, used 154112K [0x00000000c9400000, 0x0000000100000000)
  region size 1024K, 17 young (17408K), 3 survivors (3072K)
 Metaspace       used 541K, capacity 4667K, committed 4864K, reserved 1056768K
  class space    used 49K, capacity 425K, committed 512K, reserved 1048576K
}

Deoptimization events (20 events):
Event: 0.399 Thread 0x000001eb95f51000 DEOPT PACKING pc=0x000001eb9ecb7379 sp=0x0000007e839ff000
Event: 0.399 Thread 0x000001eb95f51000 DEOPT UNPACKING pc=0x000001eb9e73964e sp=0x0000007e839fe640 mode 0
Event: 0.400 Thread 0x000001eb95f51000 DEOPT PACKING pc=0x000001eb9ecb7379 sp=0x0000007e839ff000
Event: 0.400 Thread 0x000001eb95f51000 DEOPT UNPACKING pc=0x000001eb9e73964e sp=0x0000007e839fe640 mode 0
Event: 0.400 Thread 0x000001eb95f51000 DEOPT PACKING pc=0x000001eb9ecb7379 sp=0x0000007e839ff000
Event: 0.400 Thread 0x000001eb95f51000 DEOPT UNPACKING pc=0x000001eb9e73964e sp=0x0000007e839fe640 mode 0
Event: 0.400 Thread 0x000001eb95f51000 DEOPT PACKING pc=0x000001eb9ecb7379 sp=0x0000007e839ff000
Event: 0.400 Thread 0x000001eb95f51000 DEOPT UNPACKING pc=0x000001eb9e73964e sp=0x0000007e839fe640 mode 0
Event: 0.400 Thread 0x000001eb95f51000 DEOPT PACKING pc=0x000001eb9ecb7379 sp=0x0000007e839ff000
Event: 0.400 Thread 0x000001eb95f51000 DEOPT UNPACKING pc=0x000001eb9e73964e sp=0x0000007e839fe640 mode 0
Event: 0.401 Thread 0x000001eb95f51000 DEOPT PACKING pc=0x000001eb9ecb7379 sp=0x0000007e839ff000
Event: 0.401 Thread 0x000001eb95f51000 DEOPT UNPACKING pc=0x000001eb9e73964e sp=0x0000007e839fe640 mode 0
Event: 0.401 Thread 0x000001eb95f51000 DEOPT PACKING pc=0x000001eb9ecb7379 sp=0x0000007e839ff000
Event: 0.401 Thread 0x000001eb95f51000 DEOPT UNPACKING pc=0x000001eb9e73964e sp=0x0000007e839fe640 mode 0
Event: 0.401 Thread 0x000001eb95f51000 DEOPT PACKING pc=0x000001eb9ecb7379 sp=0x0000007e839ff000
Event: 0.401 Thread 0x000001eb95f51000 DEOPT UNPACKING pc=0x000001eb9e73964e sp=0x0000007e839fe640 mode 0
Event: 0.401 Thread 0x000001eb95f51000 DEOPT PACKING pc=0x000001eb9ecb7379 sp=0x0000007e839ff000
Event: 0.401 Thread 0x000001eb95f51000 DEOPT UNPACKING pc=0x000001eb9e73964e sp=0x0000007e839fe640 mode 0
Event: 0.401 Thread 0x000001eb95f51000 DEOPT PACKING pc=0x000001eb9ecb7379 sp=0x0000007e839ff000
Event: 0.401 Thread 0x000001eb95f51000 DEOPT UNPACKING pc=0x000001eb9e73964e sp=0x0000007e839fe640 mode 0

Classes unloaded (0 events):
No events

Classes redefined (0 events):
No events

Internal exceptions (0 events):
No events

Events (20 events):
Event: 0.733 Executing VM operation: G1Concurrent done
Event: 0.758 Executing VM operation: G1CollectForAllocation
Event: 0.763 Executing VM operation: G1CollectForAllocation done
Event: 0.787 Executing VM operation: G1CollectForAllocation
Event: 0.792 Executing VM operation: G1CollectForAllocation done
Event: 0.795 Executing VM operation: G1Concurrent
Event: 0.799 Executing VM operation: G1Concurrent done
Event: 0.801 Executing VM operation: G1Concurrent
Event: 0.802 Executing VM operation: G1Concurrent done
Event: 0.932 Executing VM operation: G1CollectForAllocation
Event: 1.106 Executing VM operation: G1CollectForAllocation done
Event: 1.454 Executing VM operation: G1CollectForAllocation
Event: 1.472 Executing VM operation: G1CollectForAllocation done
Event: 1.481 Executing VM operation: G1Concurrent
Event: 1.481 Executing VM operation: G1Concurrent done
Event: 1.485 Executing VM operation: G1Concurrent
Event: 1.485 Executing VM operation: G1Concurrent done
Event: 1.880 Executing VM operation: G1CollectForAllocation
Event: 2.038 Executing VM operation: G1CollectForAllocation done
Event: 2.684 Executing VM operation: G1CollectForAllocation


Dynamic libraries:
0x00007ff716800000 - 0x00007ff71680f000 	C:\Program Files\Java\jdk-14.0.2\bin\java.exe
0x00007fff613b0000 - 0x00007fff615c4000 	C:\WINDOWS\SYSTEM32\ntdll.dll
0x00007fff57db0000 - 0x00007fff57dc7000 	C:\Program Files\Avast Software\Avast\aswhook.dll
0x00007fff5f350000 - 0x00007fff5f413000 	C:\WINDOWS\System32\KERNEL32.DLL
0x00007fff5e8f0000 - 0x00007fff5ec8d000 	C:\WINDOWS\System32\KERNELBASE.dll
0x00007fff5ef40000 - 0x00007fff5f051000 	C:\WINDOWS\System32\ucrtbase.dll
0x00007fff4f0b0000 - 0x00007fff4f0c8000 	C:\Program Files\Java\jdk-14.0.2\bin\jli.dll
0x00007fff5b780000 - 0x00007fff5b795000 	C:\Program Files\Java\jdk-14.0.2\bin\VCRUNTIME140.dll
0x00007fff604c0000 - 0x00007fff6056e000 	C:\WINDOWS\System32\ADVAPI32.dll
0x00007fff60fc0000 - 0x00007fff61067000 	C:\WINDOWS\System32\msvcrt.dll
0x00007fff5f1a0000 - 0x00007fff5f244000 	C:\WINDOWS\System32\sechost.dll
0x00007fff60570000 - 0x00007fff60685000 	C:\WINDOWS\System32\RPCRT4.dll
0x00007fff60c70000 - 0x00007fff60e1d000 	C:\WINDOWS\System32\USER32.dll
0x00007fff5ee00000 - 0x00007fff5ee26000 	C:\WINDOWS\System32\win32u.dll
0x00007fff60bd0000 - 0x00007fff60bf9000 	C:\WINDOWS\System32\GDI32.dll
0x00007fff5e7d0000 - 0x00007fff5e8e2000 	C:\WINDOWS\System32\gdi32full.dll
0x00007fff5ee30000 - 0x00007fff5eeca000 	C:\WINDOWS\System32\msvcp_win.dll
0x00007fff55a90000 - 0x00007fff55a9a000 	C:\WINDOWS\SYSTEM32\VERSION.dll
0x00007fff499a0000 - 0x00007fff49c2e000 	C:\WINDOWS\WinSxS\amd64_microsoft.windows.common-controls_6595b64144ccf1df_6.0.22621.608_none_a9444ca7c10bb01d\COMCTL32.dll
0x00007fff61330000 - 0x00007fff61362000 	C:\WINDOWS\System32\IMM32.DLL
0x00007ffedbe80000 - 0x00007ffedbf1b000 	C:\Program Files\Java\jdk-14.0.2\bin\msvcp140.dll
0x00007ffebafa0000 - 0x00007ffebbabe000 	C:\Program Files\Java\jdk-14.0.2\bin\server\jvm.dll
0x00007fff60e90000 - 0x00007fff60e98000 	C:\WINDOWS\System32\PSAPI.DLL
0x00007fff41900000 - 0x00007fff41909000 	C:\WINDOWS\SYSTEM32\WSOCK32.dll
0x00007fff61160000 - 0x00007fff611d1000 	C:\WINDOWS\System32\WS2_32.dll
0x00007fff55e10000 - 0x00007fff55e44000 	C:\WINDOWS\SYSTEM32\WINMM.dll
0x00007fff5d820000 - 0x00007fff5d838000 	C:\WINDOWS\SYSTEM32\kernel.appcore.dll
0x00007fff4e400000 - 0x00007fff4e40a000 	C:\Program Files\Java\jdk-14.0.2\bin\jimage.dll
0x00007fff5c430000 - 0x00007fff5c65e000 	C:\WINDOWS\SYSTEM32\DBGHELP.DLL
0x00007fff60690000 - 0x00007fff60a1a000 	C:\WINDOWS\System32\combase.dll
0x00007fff611e0000 - 0x00007fff612b7000 	C:\WINDOWS\System32\OLEAUT32.dll
0x00007fff46ac0000 - 0x00007fff46af2000 	C:\WINDOWS\SYSTEM32\dbgcore.DLL
0x00007fff5f060000 - 0x00007fff5f0db000 	C:\WINDOWS\System32\bcryptPrimitives.dll
0x00007fff486f0000 - 0x00007fff48715000 	C:\Program Files\Java\jdk-14.0.2\bin\java.dll
0x00007fff267a0000 - 0x00007fff267b6000 	C:\Program Files\Java\jdk-14.0.2\bin\zip.dll
0x00007fff5f5e0000 - 0x00007fff5fdcf000 	C:\WINDOWS\System32\SHELL32.dll
0x00007fff5c7f0000 - 0x00007fff5d0b8000 	C:\WINDOWS\SYSTEM32\windows.storage.dll
0x00007fff5c6a0000 - 0x00007fff5c7de000 	C:\WINDOWS\SYSTEM32\wintypes.dll
0x00007fff603c0000 - 0x00007fff604b1000 	C:\WINDOWS\System32\SHCORE.dll
0x00007fff60250000 - 0x00007fff602ae000 	C:\WINDOWS\System32\shlwapi.dll
0x00007fff5e700000 - 0x00007fff5e721000 	C:\WINDOWS\SYSTEM32\profapi.dll
0x00007fff26780000 - 0x00007fff26799000 	C:\Program Files\Java\jdk-14.0.2\bin\net.dll
0x00007fff534c0000 - 0x00007fff535ef000 	C:\WINDOWS\SYSTEM32\WINHTTP.dll
0x00007fff5dc90000 - 0x00007fff5dcf9000 	C:\WINDOWS\system32\mswsock.dll
0x00007fff1d0b0000 - 0x00007fff1d0c2000 	C:\Program Files\Java\jdk-14.0.2\bin\nio.dll

dbghelp: loaded successfully - version: 4.0.5 - missing functions: none
symbol engine: initialized successfully - sym options: 0x614 - pdb path: .;C:\Program Files\Java\jdk-14.0.2\bin;C:\WINDOWS\SYSTEM32;C:\Program Files\Avast Software\Avast;C:\WINDOWS\WinSxS\amd64_microsoft.windows.common-controls_6595b64144ccf1df_6.0.22621.608_none_a9444ca7c10bb01d;C:\Program Files\Java\jdk-14.0.2\bin\server

VM Arguments:
java_command: Main
java_class_path (initial): C:\Users\Nelson Janusson\OneDrive\Dokument\NetBeansProjects\com.mycompany_NeuralNetwork_jar_1.0-SNAPSHOT_1\target\classes;C:\Users\Nelson Janusson\.m2\repository\org\ejml\ejml-all\0.40\ejml-all-0.40.jar;C:\Users\Nelson Janusson\.m2\repository\org\ejml\ejml-core\0.40\ejml-core-0.40.jar;C:\Users\Nelson Janusson\.m2\repository\org\ejml\ejml-fdense\0.40\ejml-fdense-0.40.jar;C:\Users\Nelson Janusson\.m2\repository\org\ejml\ejml-ddense\0.40\ejml-ddense-0.40.jar;C:\Users\Nelson Janusson\.m2\repository\org\ejml\ejml-cdense\0.40\ejml-cdense-0.40.jar;C:\Users\Nelson Janusson\.m2\repository\org\ejml\ejml-zdense\0.40\ejml-zdense-0.40.jar;C:\Users\Nelson Janusson\.m2\repository\org\ejml\ejml-dsparse\0.40\ejml-dsparse-0.40.jar;C:\Users\Nelson Janusson\.m2\repository\org\ejml\ejml-simple\0.40\ejml-simple-0.40.jar;C:\Users\Nelson Janusson\.m2\repository\org\ejml\ejml-fsparse\0.40\ejml-fsparse-0.40.jar
Launcher Type: SUN_STANDARD

[Global flags]
     intx CICompilerCount                          = 2                                         {product} {ergonomic}
     uint ConcGCThreads                            = 1                                         {product} {ergonomic}
     uint G1ConcRefinementThreads                  = 2                                         {product} {ergonomic}
   size_t G1HeapRegionSize                         = 1048576                                   {product} {ergonomic}
    uintx GCDrainStackTargetSize                   = 64                                        {product} {ergonomic}
   size_t InitialHeapSize                          = 58720256                                  {product} {ergonomic}
   size_t MarkStackSize                            = 4194304                                   {product} {ergonomic}
   size_t MaxHeapSize                              = 918552576                                 {product} {ergonomic}
   size_t MaxNewSize                               = 550502400                                 {product} {ergonomic}
   size_t MinHeapDeltaBytes                        = 1048576                                   {product} {ergonomic}
   size_t MinHeapSize                              = 8388608                                   {product} {ergonomic}
    uintx NonNMethodCodeHeapSize                   = 5826188                                {pd product} {ergonomic}
    uintx NonProfiledCodeHeapSize                  = 122916026                              {pd product} {ergonomic}
    uintx ProfiledCodeHeapSize                     = 122916026                              {pd product} {ergonomic}
    uintx ReservedCodeCacheSize                    = 251658240                              {pd product} {ergonomic}
     bool SegmentedCodeCache                       = true                                      {product} {ergonomic}
   size_t SoftMaxHeapSize                          = 918552576                              {manageable} {ergonomic}
     bool UseCompressedClassPointers               = true                                 {lp64_product} {ergonomic}
     bool UseCompressedOops                        = true                                 {lp64_product} {ergonomic}
     bool UseG1GC                                  = true                                      {product} {ergonomic}
     bool UseLargePagesIndividualAllocation        = false                                  {pd product} {ergonomic}

Logging:
Log output configuration:
 #0: stdout all=warning uptime,level,tags
 #1: stderr all=off uptime,level,tags

Environment Variables:
JAVA_HOME=C:\Program Files\Java\jdk-14.0.2
PATH=C:\WINDOWS\system32;C:\WINDOWS;C:\WINDOWS\System32\Wbem;C:\WINDOWS\System32\WindowsPowerShell\v1.0\;C:\WINDOWS\System32\OpenSSH\;C:\Program Files\Java\jdk-14.0.2\bin;C:\Python37\Scripts\;C:\Python37\;C:\Users\Nelson Janusson\AppData\Local\Microsoft\WindowsApps;;C:\VisualStudioCode\bin
USERNAME=Nelson Janusson
OS=Windows_NT
PROCESSOR_IDENTIFIER=AMD64 Family 23 Model 24 Stepping 1, AuthenticAMD



---------------  S Y S T E M  ---------------

OS: Windows 10 , 64 bit Build 22621 (10.0.22621.1105)
OS uptime: 0 days 2:18 hours

CPU:total 2 (initial active 2) (2 cores per cpu, 1 threads per core) family 23 model 24 stepping 1, cmov, cx8, fxsr, mmx, sse, sse2, sse3, ssse3, sse4.1, sse4.2, popcnt, avx, avx2, aes, clmul, mmxext, 3dnowpref, lzcnt, sse4a, tsc, tscinvbit, tscinv, bmi1, bmi2, adx, sha, fma

Memory: 4k page, system-wide physical 3503M (212M free)
TotalPageFile size 14255M (AvailPageFile size 253M)
current process WorkingSet (physical memory assigned to process): 231M, peak: 231M
current process commit charge ("private bytes"): 282M, peak: 551M

vm_info: Java HotSpot(TM) 64-Bit Server VM (14.0.2+12-46) for windows-amd64 JRE (14.0.2+12-46), built on Jul  9 2020 00:35:52 by "mach5one" with MS VC++ 15.9 (VS2017)

END.
